<?xml version="1.0" encoding="UTF-8"?>
<!-- Generated by org.testng.reporters.JUnitReportReporter -->
<testsuite hostname="DESKTOP-BE1J8DH" failures="0" tests="1" name="basicsPackage.ScrollDemo" time="8.269" errors="0" timestamp="2025-06-21T07:05:54 PKT" skipped="0">
  <testcase classname="basicsPackage.ScrollDemo" name="ScrollDemoTest" time="8.269"/>
</testsuite> <!-- basicsPackage.ScrollDemo -->
