<?xml version="1.0" encoding="UTF-8"?>
<!-- Generated by org.testng.reporters.JUnitReportReporter -->
<testsuite hostname="DESKTOP-BE1J8DH" failures="0" tests="1" name="basicsPackage.AppiumBasics" time="8.142" errors="0" timestamp="2025-06-21T07:58:45 PKT" skipped="0">
  <testcase classname="basicsPackage.AppiumBasics" name="WifiSettingsName" time="8.142"/>
</testsuite> <!-- basicsPackage.AppiumBasics -->
