<?xml version="1.0" encoding="UTF-8"?>
<!-- Generated by org.testng.reporters.JUnitReportReporter -->
<testsuite hostname="DESKTOP-BE1J8DH" failures="0" tests="1" name="basicsPackage.SwipeDemo" time="7.022" errors="0" timestamp="2025-06-21T07:16:08 PKT" skipped="0">
  <testcase classname="basicsPackage.SwipeDemo" name="SwipeDemoTest" time="7.022"/>
</testsuite> <!-- basicsPackage.SwipeDemo -->
