<?xml version="1.0" encoding="UTF-8"?>
<!-- Generated by org.testng.reporters.JUnitReportReporter -->
<testsuite hostname="DESKTOP-BE1J8DH" failures="0" tests="1" name="basicsPackage.LongPress" time="8.992" errors="0" timestamp="2025-06-21T06:52:23 PKT" skipped="0">
  <testcase classname="basicsPackage.LongPress" name="LongPressGesture" time="8.992"/>
</testsuite> <!-- basicsPackage.LongPress -->
